(node:4892) DeprecationWarning: The ready event has been renamed to clientReady to distinguish it from the gateway READY event and will only emit under that name in v15. Please use clientReady instead.
(Use `node --trace-deprecation ...` to show where the warning was created)
[kat] checkKatConfluence error: Cannot find module './kat-confluence'
Require stack:
- C:\Users\conor\jarvis\agents\agent-14-kat.js
- C:\Users\conor\jarvis\index.js
[kat] checkKatConfluence error: Cannot find module './kat-confluence'
Require stack:
- C:\Users\conor\jarvis\agents\agent-14-kat.js
- C:\Users\conor\jarvis\index.js
[kat] checkKatConfluence error: Cannot find module './kat-confluence'
Require stack:
- C:\Users\conor\jarvis\agents\agent-14-kat.js
- C:\Users\conor\jarvis\index.js
[kat] checkKatConfluence error: Cannot find module './kat-confluence'
Require stack:
- C:\Users\conor\jarvis\agents\agent-14-kat.js
- C:\Users\conor\jarvis\index.js
[kat] checkKatConfluence error: Cannot find module './kat-confluence'
Require stack:
- C:\Users\conor\jarvis\agents\agent-14-kat.js
- C:\Users\conor\jarvis\index.js
[kat] checkKatConfluence error: Cannot find module './kat-confluence'
Require stack:
- C:\Users\conor\jarvis\agents\agent-14-kat.js
- C:\Users\conor\jarvis\index.js
[kat] checkKatConfluence error: Cannot find module './kat-confluence'
Require stack:
- C:\Users\conor\jarvis\agents\agent-14-kat.js
- C:\Users\conor\jarvis\index.js
[kat] checkKatConfluence error: Cannot find module './kat-confluence'
Require stack:
- C:\Users\conor\jarvis\agents\agent-14-kat.js
- C:\Users\conor\jarvis\index.js
[kat] checkKatConfluence error: Cannot find module './kat-confluence'
Require stack:
- C:\Users\conor\jarvis\agents\agent-14-kat.js
- C:\Users\conor\jarvis\index.js
[kat] checkKatConfluence error: Cannot find module './kat-confluence'
Require stack:
- C:\Users\conor\jarvis\agents\agent-14-kat.js
- C:\Users\conor\jarvis\index.js
[kat] checkKatConfluence error: Cannot find module './kat-confluence'
Require stack:
- C:\Users\conor\jarvis\agents\agent-14-kat.js
- C:\Users\conor\jarvis\index.js
[kat] checkKatConfluence error: Cannot find module './kat-confluence'
Require stack:
- C:\Users\conor\jarvis\agents\agent-14-kat.js
- C:\Users\conor\jarvis\index.js
[kat] checkKatConfluence error: Cannot find module './kat-confluence'
Require stack:
- C:\Users\conor\jarvis\agents\agent-14-kat.js
- C:\Users\conor\jarvis\index.js
[kat] checkKatConfluence error: Cannot find module './kat-confluence'
Require stack:
- C:\Users\conor\jarvis\agents\agent-14-kat.js
- C:\Users\conor\jarvis\index.js
[kat] checkKatConfluence error: Cannot find module './kat-confluence'
Require stack:
- C:\Users\conor\jarvis\agents\agent-14-kat.js
- C:\Users\conor\jarvis\index.js
[kat] checkKatConfluence error: Cannot find module './kat-confluence'
Require stack:
- C:\Users\conor\jarvis\agents\agent-14-kat.js
- C:\Users\conor\jarvis\index.js
[kat] checkKatConfluence error: Cannot find module './kat-confluence'
Require stack:
- C:\Users\conor\jarvis\agents\agent-14-kat.js
- C:\Users\conor\jarvis\index.js
[kat] checkKatConfluence error: Cannot find module './kat-confluence'
Require stack:
- C:\Users\conor\jarvis\agents\agent-14-kat.js
- C:\Users\conor\jarvis\index.js
[kat] checkKatConfluence error: Cannot find module './kat-confluence'
Require stack:
- C:\Users\conor\jarvis\agents\agent-14-kat.js
- C:\Users\conor\jarvis\index.js
[kat] checkKatConfluence error: Cannot find module './kat-confluence'
Require stack:
- C:\Users\conor\jarvis\agents\agent-14-kat.js
- C:\Users\conor\jarvis\index.js
[kat] checkKatConfluence error: Cannot find module './kat-confluence'
Require stack:
- C:\Users\conor\jarvis\agents\agent-14-kat.js
- C:\Users\conor\jarvis\index.js
[kat] checkKatConfluence error: Cannot find module './kat-confluence'
Require stack:
- C:\Users\conor\jarvis\agents\agent-14-kat.js
- C:\Users\conor\jarvis\index.js
[kat] checkKatConfluence error: Cannot find module './kat-confluence'
Require stack:
- C:\Users\conor\jarvis\agents\agent-14-kat.js
- C:\Users\conor\jarvis\index.js
[kat] checkKatConfluence error: Cannot find module './kat-confluence'
Require stack:
- C:\Users\conor\jarvis\agents\agent-14-kat.js
- C:\Users\conor\jarvis\index.js
[kat] checkKatConfluence error: Cannot find module './kat-confluence'
Require stack:
- C:\Users\conor\jarvis\agents\agent-14-kat.js
- C:\Users\conor\jarvis\index.js
[kat] checkKatConfluence error: Cannot find module './kat-confluence'
Require stack:
- C:\Users\conor\jarvis\agents\agent-14-kat.js
- C:\Users\conor\jarvis\index.js
[kat] checkKatConfluence error: Cannot find module './kat-confluence'
Require stack:
- C:\Users\conor\jarvis\agents\agent-14-kat.js
- C:\Users\conor\jarvis\index.js
[kat] checkKatConfluence error: Cannot find module './kat-confluence'
Require stack:
- C:\Users\conor\jarvis\agents\agent-14-kat.js
- C:\Users\conor\jarvis\index.js
[kat] checkKatConfluence error: Cannot find module './kat-confluence'
Require stack:
- C:\Users\conor\jarvis\agents\agent-14-kat.js
- C:\Users\conor\jarvis\index.js
[kat] checkKatConfluence error: Cannot find module './kat-confluence'
Require stack:
- C:\Users\conor\jarvis\agents\agent-14-kat.js
- C:\Users\conor\jarvis\index.js
[kat] checkKatConfluence error: Cannot find module './kat-confluence'
Require stack:
- C:\Users\conor\jarvis\agents\agent-14-kat.js
- C:\Users\conor\jarvis\index.js
[kat] checkKatConfluence error: Cannot find module './kat-confluence'
Require stack:
- C:\Users\conor\jarvis\agents\agent-14-kat.js
- C:\Users\conor\jarvis\index.js
[kat] checkKatConfluence error: Cannot find module './kat-confluence'
Require stack:
- C:\Users\conor\jarvis\agents\agent-14-kat.js
- C:\Users\conor\jarvis\index.js
[kat] checkKatConfluence error: Cannot find module './kat-confluence'
Require stack:
- C:\Users\conor\jarvis\agents\agent-14-kat.js
- C:\Users\conor\jarvis\index.js
[kat] checkKatConfluence error: Cannot find module './kat-confluence'
Require stack:
- C:\Users\conor\jarvis\agents\agent-14-kat.js
- C:\Users\conor\jarvis\index.js
[kat] checkKatConfluence error: Cannot find module './kat-confluence'
Require stack:
- C:\Users\conor\jarvis\agents\agent-14-kat.js
- C:\Users\conor\jarvis\index.js
[kat] checkKatConfluence error: Cannot find module './kat-confluence'
Require stack:
- C:\Users\conor\jarvis\agents\agent-14-kat.js
- C:\Users\conor\jarvis\index.js
[kat] checkKatConfluence error: Cannot find module './kat-confluence'
Require stack:
- C:\Users\conor\jarvis\agents\agent-14-kat.js
- C:\Users\conor\jarvis\index.js
[kat] checkKatConfluence error: Cannot find module './kat-confluence'
Require stack:
- C:\Users\conor\jarvis\agents\agent-14-kat.js
- C:\Users\conor\jarvis\index.js
[kat] checkKatConfluence error: Cannot find module './kat-confluence'
Require stack:
- C:\Users\conor\jarvis\agents\agent-14-kat.js
- C:\Users\conor\jarvis\index.js
[kat] checkKatConfluence error: Cannot find module './kat-confluence'
Require stack:
- C:\Users\conor\jarvis\agents\agent-14-kat.js
- C:\Users\conor\jarvis\index.js
[kat] checkKatConfluence error: Cannot find module './kat-confluence'
Require stack:
- C:\Users\conor\jarvis\agents\agent-14-kat.js
- C:\Users\conor\jarvis\index.js
[kat] checkKatConfluence error: Cannot find module './kat-confluence'
Require stack:
- C:\Users\conor\jarvis\agents\agent-14-kat.js
- C:\Users\conor\jarvis\index.js
[kat] checkKatConfluence error: Cannot find module './kat-confluence'
Require stack:
- C:\Users\conor\jarvis\agents\agent-14-kat.js
- C:\Users\conor\jarvis\index.js
[kat] checkKatConfluence error: Cannot find module './kat-confluence'
Require stack:
- C:\Users\conor\jarvis\agents\agent-14-kat.js
- C:\Users\conor\jarvis\index.js
[kat] checkKatConfluence error: Cannot find module './kat-confluence'
Require stack:
- C:\Users\conor\jarvis\agents\agent-14-kat.js
- C:\Users\conor\jarvis\index.js
[kat] checkKatConfluence error: Cannot find module './kat-confluence'
Require stack:
- C:\Users\conor\jarvis\agents\agent-14-kat.js
- C:\Users\conor\jarvis\index.js
[kat] checkKatConfluence error: Cannot find module './kat-confluence'
Require stack:
- C:\Users\conor\jarvis\agents\agent-14-kat.js
- C:\Users\conor\jarvis\index.js
[kat] checkKatConfluence error: Cannot find module './kat-confluence'
Require stack:
- C:\Users\conor\jarvis\agents\agent-14-kat.js
- C:\Users\conor\jarvis\index.js
[kat] checkKatConfluence error: Cannot find module './kat-confluence'
Require stack:
- C:\Users\conor\jarvis\agents\agent-14-kat.js
- C:\Users\conor\jarvis\index.js
[kat] checkKatConfluence error: Cannot find module './kat-confluence'
Require stack:
- C:\Users\conor\jarvis\agents\agent-14-kat.js
- C:\Users\conor\jarvis\index.js
[kat] checkKatConfluence error: Cannot find module './kat-confluence'
Require stack:
- C:\Users\conor\jarvis\agents\agent-14-kat.js
- C:\Users\conor\jarvis\index.js
[kat] checkKatConfluence error: Cannot find module './kat-confluence'
Require stack:
- C:\Users\conor\jarvis\agents\agent-14-kat.js
- C:\Users\conor\jarvis\index.js
[kat] checkKatConfluence error: Cannot find module './kat-confluence'
Require stack:
- C:\Users\conor\jarvis\agents\agent-14-kat.js
- C:\Users\conor\jarvis\index.js
[kat] checkKatConfluence error: Cannot find module './kat-confluence'
Require stack:
- C:\Users\conor\jarvis\agents\agent-14-kat.js
- C:\Users\conor\jarvis\index.js
[kat] checkKatConfluence error: Cannot find module './kat-confluence'
Require stack:
- C:\Users\conor\jarvis\agents\agent-14-kat.js
- C:\Users\conor\jarvis\index.js
[kat] checkKatConfluence error: Cannot find module './kat-confluence'
Require stack:
- C:\Users\conor\jarvis\agents\agent-14-kat.js
- C:\Users\conor\jarvis\index.js
[kat] checkKatConfluence error: Cannot find module './kat-confluence'
Require stack:
- C:\Users\conor\jarvis\agents\agent-14-kat.js
- C:\Users\conor\jarvis\index.js
[kat] checkKatConfluence error: Cannot find module './kat-confluence'
Require stack:
- C:\Users\conor\jarvis\agents\agent-14-kat.js
- C:\Users\conor\jarvis\index.js
[kat] checkKatConfluence error: Cannot find module './kat-confluence'
Require stack:
- C:\Users\conor\jarvis\agents\agent-14-kat.js
- C:\Users\conor\jarvis\index.js
[kat] checkKatConfluence error: Cannot find module './kat-confluence'
Require stack:
- C:\Users\conor\jarvis\agents\agent-14-kat.js
- C:\Users\conor\jarvis\index.js
[kat] checkKatConfluence error: Cannot find module './kat-confluence'
Require stack:
- C:\Users\conor\jarvis\agents\agent-14-kat.js
- C:\Users\conor\jarvis\index.js
[kat] checkKatConfluence error: Cannot find module './kat-confluence'
Require stack:
- C:\Users\conor\jarvis\agents\agent-14-kat.js
- C:\Users\conor\jarvis\index.js
[kat] checkKatConfluence error: Cannot find module './kat-confluence'
Require stack:
- C:\Users\conor\jarvis\agents\agent-14-kat.js
- C:\Users\conor\jarvis\index.js
[kat] checkKatConfluence error: Cannot find module './kat-confluence'
Require stack:
- C:\Users\conor\jarvis\agents\agent-14-kat.js
- C:\Users\conor\jarvis\index.js
[kat] checkKatConfluence error: Cannot find module './kat-confluence'
Require stack:
- C:\Users\conor\jarvis\agents\agent-14-kat.js
- C:\Users\conor\jarvis\index.js
[kat] checkKatConfluence error: Cannot find module './kat-confluence'
Require stack:
- C:\Users\conor\jarvis\agents\agent-14-kat.js
- C:\Users\conor\jarvis\index.js
[kat] checkKatConfluence error: Cannot find module './kat-confluence'
Require stack:
- C:\Users\conor\jarvis\agents\agent-14-kat.js
- C:\Users\conor\jarvis\index.js
[kat] checkKatConfluence error: Cannot find module './kat-confluence'
Require stack:
- C:\Users\conor\jarvis\agents\agent-14-kat.js
- C:\Users\conor\jarvis\index.js
[kat] checkKatConfluence error: Cannot find module './kat-confluence'
Require stack:
- C:\Users\conor\jarvis\agents\agent-14-kat.js
- C:\Users\conor\jarvis\index.js
[kat] checkKatConfluence error: Cannot find module './kat-confluence'
Require stack:
- C:\Users\conor\jarvis\agents\agent-14-kat.js
- C:\Users\conor\jarvis\index.js
[kat] checkKatConfluence error: Cannot find module './kat-confluence'
Require stack:
- C:\Users\conor\jarvis\agents\agent-14-kat.js
- C:\Users\conor\jarvis\index.js
[kat] checkKatConfluence error: Cannot find module './kat-confluence'
Require stack:
- C:\Users\conor\jarvis\agents\agent-14-kat.js
- C:\Users\conor\jarvis\index.js
[kat] checkKatConfluence error: Cannot find module './kat-confluence'
Require stack:
- C:\Users\conor\jarvis\agents\agent-14-kat.js
- C:\Users\conor\jarvis\index.js
[kat] checkKatConfluence error: Cannot find module './kat-confluence'
Require stack:
- C:\Users\conor\jarvis\agents\agent-14-kat.js
- C:\Users\conor\jarvis\index.js
[kat] checkKatConfluence error: Cannot find module './kat-confluence'
Require stack:
- C:\Users\conor\jarvis\agents\agent-14-kat.js
- C:\Users\conor\jarvis\index.js
[kat] checkKatConfluence error: Cannot find module './kat-confluence'
Require stack:
- C:\Users\conor\jarvis\agents\agent-14-kat.js
- C:\Users\conor\jarvis\index.js
[kat] checkKatConfluence error: Cannot find module './kat-confluence'
Require stack:
- C:\Users\conor\jarvis\agents\agent-14-kat.js
- C:\Users\conor\jarvis\index.js
